
> asap-eventron-frontend@0.1.0 build
> next build

  ▲ Next.js 14.2.15
  - Environments: .env.local

   Creating an optimized production build ...
 ✓ Compiled successfully
   Linting and checking validity of types ...

./src/app/home/page.tsx
54:5  Warning: React Hook useMemo has a missing dependency: 'matchFilter'. Either include it or remove the dependency array.  react-hooks/exhaustive-deps

info  - Need to disable some ESLint rules? Learn more here: https://nextjs.org/docs/basic-features/eslint#disabling-rules
   Collecting page data ...
   Generating static pages (0/13) ...
   Generating static pages (3/13) 
   Generating static pages (6/13) 
   Generating static pages (9/13) 
 ✓ Generating static pages (13/13)
   Finalizing page optimization ...
   Collecting build traces ...

Route (app)                              Size     First Load JS
┌ ○ /                                    4.49 kB         145 kB
├ ○ /_not-found                          138 B          87.3 kB
├ ○ /checkout                            19.9 kB         156 kB
├ ○ /dashboard                           5.5 kB          145 kB
├ ○ /events                              4.17 kB         148 kB
├ ƒ /events/[id]                         8.32 kB         150 kB
├ ○ /home                                3.48 kB         147 kB
├ ○ /login                               4.03 kB         134 kB
├ ○ /profile                             7.38 kB         143 kB
├ ○ /register                            4.21 kB         134 kB
├ ○ /transport                           7.09 kB         137 kB
└ ○ /trips                               3.76 kB         138 kB
+ First Load JS shared by all            87.1 kB
  ├ chunks/117-7945acf2f2182667.js       31.6 kB
  ├ chunks/fd9d1056-5d5b8e0b238c0110.js  53.6 kB
  └ other shared chunks (total)          1.89 kB


ƒ Middleware                             26.9 kB

○  (Static)   prerendered as static content
ƒ  (Dynamic)  server-rendered on demand

